This file contains any messages produced by compilers while
running configure, to aid debugging if configure makes a mistake.

It was created by configure, which was
generated by GNU Autoconf 2.61.  Invocation command line was

  $ ./configure 

## --------- ##
## Platform. ##
## --------- ##

hostname = lt91-42.eecs.qmul.ac.uk
uname -m = i386
uname -r = 10.8.0
uname -s = Darwin
uname -v = Darwin Kernel Version 10.8.0: Tue Jun  7 16:33:36 PDT 2011; root:xnu-1504.15.3~1/RELEASE_I386

/usr/bin/uname -p = i386
/bin/uname -X     = unknown

/bin/arch              = unknown
/usr/bin/arch -k       = unknown
/usr/convex/getsysinfo = unknown
/usr/bin/hostinfo      = Mach kernel version:
	 Darwin Kernel Version 10.8.0: Tue Jun  7 16:33:36 PDT 2011; root:xnu-1504.15.3~1/RELEASE_I386
Kernel configured for up to 2 processors.
2 processors are physically available.
2 processors are logically available.
Processor type: i486 (Intel 80486)
Processors active: 0 1
Primary memory available: 4.00 gigabytes
Default processor set: 95 tasks, 444 threads, 2 processors
Load average: 0.82, Mach factor: 1.47
/bin/machine           = unknown
/usr/bin/oslevel       = unknown
/bin/universe          = unknown

PATH: /Users/ddino/my_work/tools/sil/closetest/Abductor-BSD-distribution/cil/bin
PATH: /opt/local/bin
PATH: /opt/local/sbin
PATH: /sw/bin
PATH: /sw/sbin
PATH: /usr/bin
PATH: /bin
PATH: /usr/sbin
PATH: /sbin
PATH: /usr/local/bin
PATH: /usr/local/git/bin
PATH: /usr/X11/bin
PATH: /usr/texbin
PATH: /usr/local/texlive/2007/bin/i386-darwin/
PATH: /Users/ddino/Monoidics/tool/monoidics/trunk/bin
PATH: /Users/ddino/Monoidics/ensure/trunk/bin
PATH: .
PATH: /usr/X11R6/bin


## ----------- ##
## Core tests. ##
## ----------- ##

configure:1789: checking for gcc
configure:1805: found /usr/bin/gcc
configure:1816: result: gcc
configure:2054: checking for C compiler version
configure:2061: gcc --version >&5
i686-apple-darwin10-gcc-4.2.1 (GCC) 4.2.1 (Apple Inc. build 5666) (dot 3)
Copyright (C) 2007 Free Software Foundation, Inc.
This is free software; see the source for copying conditions.  There is NO
warranty; not even for MERCHANTABILITY or FITNESS FOR A PARTICULAR PURPOSE.

configure:2064: $? = 0
configure:2071: gcc -v >&5
Using built-in specs.
Target: i686-apple-darwin10
Configured with: /var/tmp/gcc/gcc-5666.3~6/src/configure --disable-checking --enable-werror --prefix=/usr --mandir=/share/man --enable-languages=c,objc,c++,obj-c++ --program-transform-name=/^[cg][^.-]*$/s/$/-4.2/ --with-slibdir=/usr/lib --build=i686-apple-darwin10 --program-prefix=i686-apple-darwin10- --host=x86_64-apple-darwin10 --target=i686-apple-darwin10 --with-gxx-include-dir=/include/c++/4.2.1
Thread model: posix
gcc version 4.2.1 (Apple Inc. build 5666) (dot 3)
configure:2074: $? = 0
configure:2081: gcc -V >&5
gcc-4.2: argument to `-V' is missing
configure:2084: $? = 1
configure:2107: checking for C compiler default output file name
configure:2134: gcc    conftest.c  >&5
configure:2137: $? = 0
configure:2175: result: a.out
configure:2192: checking whether the C compiler works
configure:2202: ./a.out
configure:2205: $? = 0
configure:2222: result: yes
configure:2229: checking whether we are cross compiling
configure:2231: result: no
configure:2234: checking for suffix of executables
configure:2241: gcc -o conftest    conftest.c  >&5
configure:2244: $? = 0
configure:2268: result: 
configure:2274: checking for suffix of object files
configure:2300: gcc -c   conftest.c >&5
configure:2303: $? = 0
configure:2326: result: o
configure:2330: checking whether we are using the GNU C compiler
configure:2359: gcc -c   conftest.c >&5
configure:2365: $? = 0
configure:2382: result: yes
configure:2387: checking whether gcc accepts -g
configure:2417: gcc -c -g  conftest.c >&5
configure:2423: $? = 0
configure:2522: result: yes
configure:2539: checking for gcc option to accept ISO C89
configure:2613: gcc  -c -g -O2  conftest.c >&5
configure:2619: $? = 0
configure:2642: result: none needed
configure:2705: checking for a BSD-compatible install
configure:2761: result: /usr/bin/install -c
configure:2782: checking build system type
configure:2800: result: i386-apple-darwin10.8.0
configure:2822: checking host system type
configure:2837: result: i386-apple-darwin10.8.0
configure:2859: checking target system type
configure:2874: result: i386-apple-darwin10.8.0
configure:2937: checking for msvc cl.exe (optional)
configure:2952: result: not found
configure:2976: checking ocaml version is at least 3.08
configure:2993: result: version is 3.12.0, ok
configure:3002: WARNING: Your ocaml version is 3.12.0, but the latest version this program
                   is known to work with is 3.10.  If you have
                   trouble compiling, please try using an earlier version
                   or see if there is a later version of this program.
configure:3023: checking existence of related ocaml tools
configure:3029: result: ok
configure:3067: checking for Perl
configure:3130: result: found version 5.010000, port darwin
configure:3207: checking if performance counters are usable
configure:3215: result: ok (2181.818 cycles per us)
configure:3243: checking for gcc version
configure:3251: checking how to run the C preprocessor
configure:3291: gcc -E  conftest.c
configure:3297: $? = 0
configure:3328: gcc -E  conftest.c
conftest.c:8:28: error: ac_nonexistent.h: No such file or directory
configure:3334: $? = 1
configure: failed program was:
| /* confdefs.h.  */
| #define PACKAGE_NAME ""
| #define PACKAGE_TARNAME ""
| #define PACKAGE_VERSION ""
| #define PACKAGE_STRING ""
| #define PACKAGE_BUGREPORT ""
| /* end confdefs.h.  */
| #include <ac_nonexistent.h>
configure:3367: result: gcc -E
configure:3396: gcc -E  conftest.c
configure:3402: $? = 0
configure:3433: gcc -E  conftest.c
conftest.c:8:28: error: ac_nonexistent.h: No such file or directory
configure:3439: $? = 1
configure: failed program was:
| /* confdefs.h.  */
| #define PACKAGE_NAME ""
| #define PACKAGE_TARNAME ""
| #define PACKAGE_VERSION ""
| #define PACKAGE_STRING ""
| #define PACKAGE_BUGREPORT ""
| /* end confdefs.h.  */
| #include <ac_nonexistent.h>
configure:3477: checking for grep that handles long lines and -e
configure:3551: result: /usr/bin/grep
configure:3556: checking for egrep
configure:3634: result: /usr/bin/grep -E
configure:3639: checking for ANSI C header files
configure:3669: gcc -c -g -O2  conftest.c >&5
configure:3675: $? = 0
configure:3774: gcc -o conftest -g -O2   conftest.c  >&5
configure:3777: $? = 0
configure:3783: ./conftest
configure:3786: $? = 0
configure:3803: result: yes
configure:3827: checking for sys/types.h
configure:3848: gcc -c -g -O2  conftest.c >&5
configure:3854: $? = 0
configure:3870: result: yes
configure:3827: checking for sys/stat.h
configure:3848: gcc -c -g -O2  conftest.c >&5
configure:3854: $? = 0
configure:3870: result: yes
configure:3827: checking for stdlib.h
configure:3848: gcc -c -g -O2  conftest.c >&5
configure:3854: $? = 0
configure:3870: result: yes
configure:3827: checking for string.h
configure:3848: gcc -c -g -O2  conftest.c >&5
configure:3854: $? = 0
configure:3870: result: yes
configure:3827: checking for memory.h
configure:3848: gcc -c -g -O2  conftest.c >&5
configure:3854: $? = 0
configure:3870: result: yes
configure:3827: checking for strings.h
configure:3848: gcc -c -g -O2  conftest.c >&5
configure:3854: $? = 0
configure:3870: result: yes
configure:3827: checking for inttypes.h
configure:3848: gcc -c -g -O2  conftest.c >&5
configure:3854: $? = 0
configure:3870: result: yes
configure:3827: checking for stdint.h
configure:3848: gcc -c -g -O2  conftest.c >&5
configure:3854: $? = 0
configure:3870: result: yes
configure:3827: checking for unistd.h
configure:3848: gcc -c -g -O2  conftest.c >&5
configure:3854: $? = 0
configure:3870: result: yes
configure:3882: checking for __builtin_va_list
configure:3912: gcc -c -g -O2  conftest.c >&5
configure:3918: $? = 0
configure:3933: result: yes
configure:3941: checking if __thread is a keyword
configure:3952: gcc -c -g -O2  conftest.c >&5
conftest.c:1: error: storage class specified for parameter 'type name'
conftest.c: In function 'main':
conftest.c:1: error: parameter name omitted
configure:3958: $? = 1
configure: failed program was:
| int main(int __thread) { return 0; }
configure:3972: result: true
configure:3977: checking if gcc adds underscores to assembly labels.
configure:3988: gcc -o conftest -g -O2   conftest.c  >&5
configure:3994: $? = 0
configure:4010: result: true
configure:4018: checking for ANSI C header files
configure:4182: result: yes
configure:4201: checking for stdlib.h
configure:4207: result: yes
configure:4201: checking for strings.h
configure:4207: result: yes
configure:4211: checking sys/time.h usability
configure:4228: gcc -c -g -O2  conftest.c >&5
configure:4234: $? = 0
configure:4248: result: yes
configure:4252: checking sys/time.h presence
configure:4267: gcc -E  conftest.c
configure:4273: $? = 0
configure:4287: result: yes
configure:4315: checking for sys/time.h
configure:4323: result: yes
configure:4201: checking for unistd.h
configure:4207: result: yes
configure:4211: checking wchar.h usability
configure:4228: gcc -c -g -O2  conftest.c >&5
configure:4234: $? = 0
configure:4248: result: yes
configure:4252: checking wchar.h presence
configure:4267: gcc -E  conftest.c
configure:4273: $? = 0
configure:4287: result: yes
configure:4315: checking for wchar.h
configure:4323: result: yes
configure:4338: checking for an ANSI C-conforming const
configure:4413: gcc -c -g -O2  conftest.c >&5
configure:4419: $? = 0
configure:4434: result: yes
configure:4444: checking for inline
configure:4470: gcc -c -g -O2  conftest.c >&5
configure:4476: $? = 0
configure:4494: result: inline
configure:4513: checking whether time.h and sys/time.h may both be included
configure:4543: gcc -c -g -O2  conftest.c >&5
configure:4549: $? = 0
configure:4564: result: yes
configure:4576: checking for working memcmp
configure:4629: gcc -o conftest -g -O2   conftest.c  >&5
configure:4632: $? = 0
configure:4638: ./conftest
configure:4641: $? = 0
configure:4657: result: yes
configure:4673: checking for mkdir
configure:4729: gcc -o conftest -g -O2   conftest.c  >&5
configure:4735: $? = 0
configure:4753: result: yes
configure:4673: checking for select
configure:4729: gcc -o conftest -g -O2   conftest.c  >&5
configure:4735: $? = 0
configure:4753: result: yes
configure:4673: checking for socket
configure:4729: gcc -o conftest -g -O2   conftest.c  >&5
configure:4735: $? = 0
configure:4753: result: yes
configure:4673: checking for __sysv_signal
configure:4729: gcc -o conftest -g -O2   conftest.c  >&5
Undefined symbols:
  "___sysv_signal", referenced from:
      _main in ccv0lhlZ.o
ld: symbol(s) not found
collect2: ld returned 1 exit status
configure:4735: $? = 1
configure: failed program was:
| /* confdefs.h.  */
| #define PACKAGE_NAME ""
| #define PACKAGE_TARNAME ""
| #define PACKAGE_VERSION ""
| #define PACKAGE_STRING ""
| #define PACKAGE_BUGREPORT ""
| #define STDC_HEADERS 1
| #define HAVE_SYS_TYPES_H 1
| #define HAVE_SYS_STAT_H 1
| #define HAVE_STDLIB_H 1
| #define HAVE_STRING_H 1
| #define HAVE_MEMORY_H 1
| #define HAVE_STRINGS_H 1
| #define HAVE_INTTYPES_H 1
| #define HAVE_STDINT_H 1
| #define HAVE_UNISTD_H 1
| #define STDC_HEADERS 1
| #define HAVE_STDLIB_H 1
| #define HAVE_STRINGS_H 1
| #define HAVE_SYS_TIME_H 1
| #define HAVE_UNISTD_H 1
| #define HAVE_WCHAR_H 1
| #define TIME_WITH_SYS_TIME 1
| #define HAVE_MKDIR 1
| #define HAVE_SELECT 1
| #define HAVE_SOCKET 1
| /* end confdefs.h.  */
| /* Define __sysv_signal to an innocuous variant, in case <limits.h> declares __sysv_signal.
|    For example, HP-UX 11i <limits.h> declares gettimeofday.  */
| #define __sysv_signal innocuous___sysv_signal
| 
| /* System header to define __stub macros and hopefully few prototypes,
|     which can conflict with char __sysv_signal (); below.
|     Prefer <limits.h> to <assert.h> if __STDC__ is defined, since
|     <limits.h> exists even on freestanding compilers.  */
| 
| #ifdef __STDC__
| # include <limits.h>
| #else
| # include <assert.h>
| #endif
| 
| #undef __sysv_signal
| 
| /* Override any GCC internal prototype to avoid an error.
|    Use char because int might match the return type of a GCC
|    builtin and then its argument prototype would still apply.  */
| #ifdef __cplusplus
| extern "C"
| #endif
| char __sysv_signal ();
| /* The GNU C library defines this for functions which it implements
|     to always fail with ENOSYS.  Some functions are actually named
|     something starting with __ and the normal name is an alias.  */
| #if defined __stub___sysv_signal || defined __stub_____sysv_signal
| choke me
| #endif
| 
| int
| main ()
| {
| return __sysv_signal ();
|   ;
|   return 0;
| }
configure:4753: result: no
configure:4766: checking for real definition of size_t
configure:4793: gcc -c -g -O2  conftest.c >&5
conftest.c:35: error: conflicting types for 'foo'
conftest.c:34: error: previous declaration of 'foo' was here
configure:4799: $? = 1
configure: failed program was:
| /* confdefs.h.  */
| #define PACKAGE_NAME ""
| #define PACKAGE_TARNAME ""
| #define PACKAGE_VERSION ""
| #define PACKAGE_STRING ""
| #define PACKAGE_BUGREPORT ""
| #define STDC_HEADERS 1
| #define HAVE_SYS_TYPES_H 1
| #define HAVE_SYS_STAT_H 1
| #define HAVE_STDLIB_H 1
| #define HAVE_STRING_H 1
| #define HAVE_MEMORY_H 1
| #define HAVE_STRINGS_H 1
| #define HAVE_INTTYPES_H 1
| #define HAVE_STDINT_H 1
| #define HAVE_UNISTD_H 1
| #define STDC_HEADERS 1
| #define HAVE_STDLIB_H 1
| #define HAVE_STRINGS_H 1
| #define HAVE_SYS_TIME_H 1
| #define HAVE_UNISTD_H 1
| #define HAVE_WCHAR_H 1
| #define TIME_WITH_SYS_TIME 1
| #define HAVE_MKDIR 1
| #define HAVE_SELECT 1
| #define HAVE_SOCKET 1
| /* end confdefs.h.  */
| 
| #include <stddef.h>
| #include <wchar.h>
| /* We define a prototype with one type and the function with
|    another type.  This will result in compilation error
|    unless the types are really identical. */
| int foo(int x);
| size_t foo(size_t x) { return x; }
configure:4838: gcc -c -g -O2  conftest.c >&5
conftest.c:35: error: conflicting types for 'foo'
conftest.c:34: error: previous declaration of 'foo' was here
configure:4844: $? = 1
configure: failed program was:
| /* confdefs.h.  */
| #define PACKAGE_NAME ""
| #define PACKAGE_TARNAME ""
| #define PACKAGE_VERSION ""
| #define PACKAGE_STRING ""
| #define PACKAGE_BUGREPORT ""
| #define STDC_HEADERS 1
| #define HAVE_SYS_TYPES_H 1
| #define HAVE_SYS_STAT_H 1
| #define HAVE_STDLIB_H 1
| #define HAVE_STRING_H 1
| #define HAVE_MEMORY_H 1
| #define HAVE_STRINGS_H 1
| #define HAVE_INTTYPES_H 1
| #define HAVE_STDINT_H 1
| #define HAVE_UNISTD_H 1
| #define STDC_HEADERS 1
| #define HAVE_STDLIB_H 1
| #define HAVE_STRINGS_H 1
| #define HAVE_SYS_TIME_H 1
| #define HAVE_UNISTD_H 1
| #define HAVE_WCHAR_H 1
| #define TIME_WITH_SYS_TIME 1
| #define HAVE_MKDIR 1
| #define HAVE_SELECT 1
| #define HAVE_SOCKET 1
| /* end confdefs.h.  */
| 
| #include <stddef.h>
| #include <wchar.h>
| /* We define a prototype with one type and the function with
|    another type.  This will result in compilation error
|    unless the types are really identical. */
| unsigned int foo(unsigned int x);
| size_t foo(size_t x) { return x; }
configure:4885: gcc -c -g -O2  conftest.c >&5
conftest.c:35: error: conflicting types for 'foo'
conftest.c:34: error: previous declaration of 'foo' was here
configure:4891: $? = 1
configure: failed program was:
| /* confdefs.h.  */
| #define PACKAGE_NAME ""
| #define PACKAGE_TARNAME ""
| #define PACKAGE_VERSION ""
| #define PACKAGE_STRING ""
| #define PACKAGE_BUGREPORT ""
| #define STDC_HEADERS 1
| #define HAVE_SYS_TYPES_H 1
| #define HAVE_SYS_STAT_H 1
| #define HAVE_STDLIB_H 1
| #define HAVE_STRING_H 1
| #define HAVE_MEMORY_H 1
| #define HAVE_STRINGS_H 1
| #define HAVE_INTTYPES_H 1
| #define HAVE_STDINT_H 1
| #define HAVE_UNISTD_H 1
| #define STDC_HEADERS 1
| #define HAVE_STDLIB_H 1
| #define HAVE_STRINGS_H 1
| #define HAVE_SYS_TIME_H 1
| #define HAVE_UNISTD_H 1
| #define HAVE_WCHAR_H 1
| #define TIME_WITH_SYS_TIME 1
| #define HAVE_MKDIR 1
| #define HAVE_SELECT 1
| #define HAVE_SOCKET 1
| /* end confdefs.h.  */
| 
| #include <stddef.h>
| #include <wchar.h>
| /* We define a prototype with one type and the function with
|    another type.  This will result in compilation error
|    unless the types are really identical. */
| long foo(long x);
| size_t foo(size_t x) { return x; }
configure:4930: gcc -c -g -O2  conftest.c >&5
configure:4936: $? = 0
configure:5146: result: unsigned long
configure:5150: checking for real definition of wchar_t
configure:5177: gcc -c -g -O2  conftest.c >&5
configure:5183: $? = 0
configure:5530: result: int
configure:5568: result: configuring for darwin/x86
configure:5630: checking for obj/x86_DARWIN
configure:5646: result: yes
configure:5657: checking delete the obj/x86_DARWIN/feature_config.ml and obj/x86_DARWIN/machdep.ml file
configure:5663: result: done
configure:5707: checking whether to use CIL feature blockinggraph
configure:5714: result: no
configure:5707: checking whether to use CIL feature zrapp
configure:5714: result: no
configure:5950: creating ./config.status

## ---------------------- ##
## Running config.status. ##
## ---------------------- ##

This file was extended by config.status, which was
generated by GNU Autoconf 2.61.  Invocation command line was

  CONFIG_FILES    = 
  CONFIG_HEADERS  = 
  CONFIG_LINKS    = 
  CONFIG_COMMANDS = 
  $ ./config.status 

on lt91-42.eecs.qmul.ac.uk

config.status:633: creating Makefile
config.status:633: creating ../sil/Makefile
config.status:633: creating cil.spec
config.status:633: creating config.mk
config.status:633: creating bin/cilly.bat
config.status:633: creating bin/patcher.bat
config.status:633: creating bin/CilConfig.pm
config.status:633: creating doc/index.html
config.status:633: creating doc/header.html
config.status:633: creating ocamlutil/perfcount.c
config.status:633: creating config.h
config.status:863: config.h is unchanged

## ---------------- ##
## Cache variables. ##
## ---------------- ##

ac_cv_build=i386-apple-darwin10.8.0
ac_cv_c_compiler_gnu=yes
ac_cv_c_const=yes
ac_cv_c_inline=inline
ac_cv_env_CC_set=
ac_cv_env_CC_value=
ac_cv_env_CFLAGS_set=
ac_cv_env_CFLAGS_value=
ac_cv_env_CPPFLAGS_set=
ac_cv_env_CPPFLAGS_value=
ac_cv_env_CPP_set=
ac_cv_env_CPP_value=
ac_cv_env_LDFLAGS_set=
ac_cv_env_LDFLAGS_value=
ac_cv_env_LIBS_set=
ac_cv_env_LIBS_value=
ac_cv_env_build_alias_set=
ac_cv_env_build_alias_value=
ac_cv_env_host_alias_set=
ac_cv_env_host_alias_value=
ac_cv_env_target_alias_set=
ac_cv_env_target_alias_value=
ac_cv_file_obj_x86_DARWIN=yes
ac_cv_func___sysv_signal=no
ac_cv_func_memcmp_working=yes
ac_cv_func_mkdir=yes
ac_cv_func_select=yes
ac_cv_func_socket=yes
ac_cv_header_inttypes_h=yes
ac_cv_header_memory_h=yes
ac_cv_header_stdc=yes
ac_cv_header_stdint_h=yes
ac_cv_header_stdlib_h=yes
ac_cv_header_string_h=yes
ac_cv_header_strings_h=yes
ac_cv_header_sys_stat_h=yes
ac_cv_header_sys_time_h=yes
ac_cv_header_sys_types_h=yes
ac_cv_header_time=yes
ac_cv_header_unistd_h=yes
ac_cv_header_wchar_h=yes
ac_cv_host=i386-apple-darwin10.8.0
ac_cv_objext=o
ac_cv_path_EGREP='/usr/bin/grep -E'
ac_cv_path_GREP=/usr/bin/grep
ac_cv_path_install='/usr/bin/install -c'
ac_cv_prog_CPP='gcc -E'
ac_cv_prog_ac_ct_CC=gcc
ac_cv_prog_cc_c89=
ac_cv_prog_cc_g=yes
ac_cv_target=i386-apple-darwin10.8.0
ac_cv_type___builtin_va_list=yes

## ----------------- ##
## Output variables. ##
## ----------------- ##

ARCHOS='x86_DARWIN'
CC='gcc'
CFLAGS='-g -O2'
CILHOME='/Users/ddino/my_work/tools/sil/closetest/Abductor-BSD-distribution/cil'
CIL_VERSION='1.3.6'
CIL_VERSION_MAJOR='1'
CIL_VERSION_MINOR='3'
CIL_VERSION_REV='6'
CPP='gcc -E'
CPPFLAGS=''
CYCLES_PER_USEC='2181.818'
DEFAULT_CIL_MODE='GNUCC'
DEFAULT_COMPILER='_GNUCC'
DEFS='-DHAVE_CONFIG_H'
ECHO_C='ECHO_N=''
ECHO_T=''
EGREP='/usr/bin/grep -E'
EXEEXT=''
EXTRAFEATURES=''
EXTRASRCDIRS=''
GREP='/usr/bin/grep'
HAS_MSVC='no'
HAS_PERFCOUNT='1'
HAVE_BUILTIN_VA_LIST='true'
INSTALL_DATA='${INSTALL} -m 644'
INSTALL_PROGRAM='${INSTALL}'
INSTALL_SCRIPT='${INSTALL}'
LDFLAGS=''
LIBOBJS=''
LIBS=''
LTLIBOBJS=''
OBJEXT='o'
PACKAGE_BUGREPORT=''
PACKAGE_NAME=''
PACKAGE_STRING=''
PACKAGE_TARNAME=''
PACKAGE_VERSION=''
PATH_SEPARATOR=':'
SHELL='/bin/sh'
THREAD_IS_KEYWORD='true'
UNDERSCORE_NAME='true'
ac_ct_CC='gcc'
bindir='${exec_prefix}/bin'
build='i386-apple-darwin10.8.0'
build_alias=''
build_cpu='i386'
build_os='darwin10.8.0'
build_vendor='apple'
datadir='${datarootdir}'
datarootdir='${prefix}/share'
docdir='${datarootdir}/doc/${PACKAGE}'
dvidir='${docdir}'
exec_prefix='${prefix}'
host='i386-apple-darwin10.8.0'
host_alias=''
host_cpu='i386'
host_os='darwin10.8.0'
host_vendor='apple'
htmldir='${docdir}'
includedir='${prefix}/include'
infodir='${datarootdir}/info'
libdir='${exec_prefix}/lib'
libexecdir='${exec_prefix}/libexec'
localedir='${datarootdir}/locale'
localstatedir='${prefix}/var'
mandir='${datarootdir}/man'
oldincludedir='/usr/include'
pdfdir='${docdir}'
prefix='/usr/local'
program_transform_name='s,x,x,'
psdir='${docdir}'
sbindir='${exec_prefix}/sbin'
sharedstatedir='${prefix}/com'
sysconfdir='${prefix}/etc'
target='i386-apple-darwin10.8.0'
target_alias=''
target_cpu='i386'
target_os='darwin10.8.0'
target_vendor='apple'

## ----------- ##
## confdefs.h. ##
## ----------- ##

#define PACKAGE_NAME ""
#define PACKAGE_TARNAME ""
#define PACKAGE_VERSION ""
#define PACKAGE_STRING ""
#define PACKAGE_BUGREPORT ""
#define STDC_HEADERS 1
#define HAVE_SYS_TYPES_H 1
#define HAVE_SYS_STAT_H 1
#define HAVE_STDLIB_H 1
#define HAVE_STRING_H 1
#define HAVE_MEMORY_H 1
#define HAVE_STRINGS_H 1
#define HAVE_INTTYPES_H 1
#define HAVE_STDINT_H 1
#define HAVE_UNISTD_H 1
#define STDC_HEADERS 1
#define HAVE_STDLIB_H 1
#define HAVE_STRINGS_H 1
#define HAVE_SYS_TIME_H 1
#define HAVE_UNISTD_H 1
#define HAVE_WCHAR_H 1
#define TIME_WITH_SYS_TIME 1
#define HAVE_MKDIR 1
#define HAVE_SELECT 1
#define HAVE_SOCKET 1
#define TYPE_SIZE_T "unsigned long"
#define TYPE_WCHAR_T "int"

configure: exit 0

## ---------------------- ##
## Running config.status. ##
## ---------------------- ##

This file was extended by config.status, which was
generated by GNU Autoconf 2.61.  Invocation command line was

  CONFIG_FILES    = 
  CONFIG_HEADERS  = 
  CONFIG_LINKS    = 
  CONFIG_COMMANDS = 
  $ ./config.status --file=obj/x86_DARWIN/cilversion.ml:src/cilversion.ml.in

on lt91-42.eecs.qmul.ac.uk

config.status:633: creating obj/x86_DARWIN/cilversion.ml

## ---------------------- ##
## Running config.status. ##
## ---------------------- ##

This file was extended by config.status, which was
generated by GNU Autoconf 2.61.  Invocation command line was

  CONFIG_FILES    = 
  CONFIG_HEADERS  = 
  CONFIG_LINKS    = 
  CONFIG_COMMANDS = 
  $ ./config.status --file=obj/x86_DARWIN/cilversion.ml:src/cilversion.ml.in

on smashing-air-2.local

config.status:633: creating obj/x86_DARWIN/cilversion.ml
